\BOOKMARK [0][]{sjtubookmark.1.0}{\376\377\230\230\124\015\230\165}{}% 1
\BOOKMARK [0][]{sjtubookmark.2.0}{\376\377\123\237\122\033\140\047\130\360\146\016\123\312\117\177\165\050\143\210\147\103\116\146}{}% 2
\BOOKMARK [0][]{sjtubookmark.3.0}{\376\377\144\130\211\201}{}% 3
\BOOKMARK [0][]{sjtubookmark.4.0}{\376\377\000A\000b\000s\000t\000r\000a\000c\000t}{}% 4
\BOOKMARK [0][]{sjtubookmark.5.0}{\376\377\166\356\137\125}{}% 5
\BOOKMARK [0][]{chapter.1}{\376\377\173\054\000\040\0001\000\040\172\340\000\040\176\352\213\272}{}% 6
\BOOKMARK [1][-]{section.1.1}{\376\377\0001\000.\0001\000\040\170\024\172\166\200\314\146\157\116\016\141\017\116\111}{chapter.1}% 7
\BOOKMARK [2][-]{subsection.1.1.1}{\376\377\0001\000.\0001\000.\0001\000\040\154\064\116\013\147\072\126\150\116\272\151\202\217\360}{section.1.1}% 8
\BOOKMARK [2][-]{subsection.1.1.2}{\376\377\0001\000.\0001\000.\0002\000\040\155\105\154\064\154\064\127\337\117\134\116\032\163\260\162\266\116\016\143\021\142\030}{section.1.1}% 9
\BOOKMARK [2][-]{subsection.1.1.3}{\376\377\0001\000.\0001\000.\0003\000\040\154\064\116\013\147\072\126\150\116\272\143\247\122\066\174\373\176\337\151\202\137\365}{section.1.1}% 10
\BOOKMARK [2][-]{subsection.1.1.4}{\376\377\0001\000.\0001\000.\0004\000\040\170\024\172\166\141\017\116\111}{section.1.1}% 11
\BOOKMARK [1][-]{section.1.2}{\376\377\0001\000.\0002\000\040\126\375\121\205\131\026\170\024\172\166\163\260\162\266}{chapter.1}% 12
\BOOKMARK [2][-]{subsection.1.2.1}{\376\377\0001\000.\0002\000.\0001\000\040\145\340\152\041\127\213\143\247\122\066}{section.1.2}% 13
\BOOKMARK [2][-]{subsection.1.2.2}{\376\377\0001\000.\0002\000.\0002\000\040\152\041\127\213\143\247\122\066}{section.1.2}% 14
\BOOKMARK [2][-]{subsection.1.2.3}{\376\377\0001\000.\0002\000.\0003\000\040\127\372\116\216\133\146\116\140\166\204\143\247\122\066}{section.1.2}% 15
\BOOKMARK [2][-]{subsection.1.2.4}{\376\377\0001\000.\0002\000.\0004\000\040\134\017\176\323}{section.1.2}% 16
\BOOKMARK [1][-]{section.1.3}{\376\377\0001\000.\0003\000\040\147\054\145\207\116\073\211\201\170\024\172\166\121\205\133\271\116\016\166\356\150\007}{chapter.1}% 17
\BOOKMARK [1][-]{section.1.4}{\376\377\0001\000.\0004\000\040\213\272\145\207\176\323\147\204\133\211\143\222}{chapter.1}% 18
\BOOKMARK [0][]{chapter.2}{\376\377\173\054\000\040\0002\000\040\172\340\000\040\000R\000O\000V\174\373\176\337\136\372\152\041}{}% 19
\BOOKMARK [1][-]{section.2.1}{\376\377\0002\000.\0001\000\040\121\155\201\352\165\061\136\246\122\250\122\233\133\146\136\372\152\041\164\006\213\272}{chapter.2}% 20
\BOOKMARK [2][-]{subsection.2.1.1}{\376\377\0002\000.\0001\000.\0001\000\040\127\120\150\007\174\373\136\372\172\313\116\016\217\320\122\250\162\266\140\001\143\317\217\360}{section.2.1}% 21
\BOOKMARK [2][-]{subsection.2.1.2}{\376\377\0002\000.\0001\000.\0002\000\040\133\214\145\164\122\250\122\233\133\146\145\271\172\013}{section.2.1}% 22
\BOOKMARK [1][-]{section.2.2}{\376\377\0002\000.\0002\000\040\133\236\226\105\135\345\121\265\116\013\166\204\173\200\123\026\122\250\122\233\133\146\152\041\127\213}{chapter.2}% 23
\BOOKMARK [2][-]{subsection.2.2.1}{\376\377\0002\000.\0002\000.\0001\000\040\140\357\140\047\167\351\226\065\166\204\123\026\173\200\116\016\133\371\211\322\123\026\131\004\164\006}{section.2.2}% 24
\BOOKMARK [2][-]{subsection.2.2.2}{\376\377\0002\000.\0002\000.\0002\000\040\171\321\221\314\131\145\122\051\116\016\124\021\137\303\122\233\167\351\226\065\166\204\173\200\123\026\131\004\164\006}{section.2.2}% 25
\BOOKMARK [2][-]{subsection.2.2.3}{\376\377\0002\000.\0002\000.\0003\000\040\226\073\134\074\167\351\226\065\166\204\176\277\140\047\123\026\116\016\133\371\211\322\123\026\131\004\164\006}{section.2.2}% 26
\BOOKMARK [2][-]{subsection.2.2.4}{\376\377\0002\000.\0002\000.\0004\000\040\140\142\131\015\122\233\124\021\221\317\166\204\162\151\164\006\176\246\147\137\123\026\173\200}{section.2.2}% 27
\BOOKMARK [2][-]{subsection.2.2.5}{\376\377\0002\000.\0002\000.\0005\000\040\173\200\123\026\124\015\116\111\152\041\127\213\154\107\140\073}{section.2.2}% 28
\BOOKMARK [1][-]{section.2.3}{\376\377\0002\000.\0003\000\040\147\054\172\340\134\017\176\323}{chapter.2}% 29
\BOOKMARK [0][]{chapter.3}{\376\377\173\054\000\040\0003\000\040\172\340\000\040\232\330\174\276\136\246\217\320\122\250\143\247\122\066\173\227\154\325\213\276\213\241}{}% 30
\BOOKMARK [1][-]{section.3.1}{\376\377\0003\000.\0001\000\040\143\247\122\066\147\266\147\204\213\276\213\241\123\237\122\031}{chapter.3}% 31
\BOOKMARK [1][-]{section.3.2}{\376\377\0003\000.\0002\000\040\131\377\140\001\143\247\122\066\377\032\000S\000Q\000R\000T\000-\000P\000I\000D\123\314\163\257\176\323\147\204\213\276\213\241}{chapter.3}% 32
\BOOKMARK [2][-]{subsection.3.2.1}{\376\377\0003\000.\0002\000.\0001\000\040\136\163\145\271\150\071\117\115\177\156\163\257\116\016\142\227\231\161\124\214\173\126\165\145}{section.3.2}% 33
\BOOKMARK [2][-]{subsection.3.2.2}{\376\377\0003\000.\0002\000.\0002\000\040\211\322\220\037\136\246\000P\000I\000D\123\315\231\210\163\257}{section.3.2}% 34
\BOOKMARK [1][-]{section.3.3}{\376\377\0003\000.\0003\000\040\136\163\171\373\217\320\122\250\220\037\136\246\143\247\122\066\173\126\165\145}{chapter.3}% 35
\BOOKMARK [1][-]{section.3.4}{\376\377\0003\000.\0004\000\040\127\372\116\216\162\151\164\006\162\171\140\047\166\204\122\250\122\233\133\146\122\115\231\210\210\145\120\177}{chapter.3}% 36
\BOOKMARK [2][-]{subsection.3.4.1}{\376\377\0003\000.\0004\000.\0001\000\040\127\372\116\216\173\200\123\026\152\041\127\213\166\204\122\115\231\210}{section.3.4}% 37
\BOOKMARK [2][-]{subsection.3.4.2}{\376\377\0003\000.\0004\000.\0002\000\040\127\372\116\216\000E\000S\000O\166\204\142\160\122\250\122\115\231\210}{section.3.4}% 38
\BOOKMARK [2][-]{subsection.3.4.3}{\376\377\0003\000.\0004\000.\0003\000\040\140\073\122\115\231\210\122\233\167\351}{section.3.4}% 39
\BOOKMARK [1][-]{section.3.5}{\376\377\0003\000.\0005\000\040\217\307\232\161\122\250\174\373\176\337\166\204\143\250\122\233\122\006\221\115\220\073\217\221}{chapter.3}% 40
\BOOKMARK [2][-]{subsection.3.5.1}{\376\377\0003\000.\0005\000.\0001\000\040\143\250\122\233\122\006\221\115\167\351\226\065\166\204\143\250\133\374}{section.3.5}% 41
\BOOKMARK [2][-]{subsection.3.5.2}{\376\377\0003\000.\0005\000.\0002\000\040\127\372\116\216\117\052\220\006\166\204\147\000\134\017\200\375\200\027\211\343\173\227}{section.3.5}% 42
\BOOKMARK [1][-]{section.3.6}{\376\377\0003\000.\0006\000\040\147\054\172\340\134\017\176\323}{chapter.3}% 43
\BOOKMARK [0][]{chapter.4}{\376\377\173\054\000\040\0004\000\040\172\340\000\040\150\070\137\303\170\154\116\366\136\163\123\360\170\024\123\321\116\016\135\114\121\145\137\017\217\157\116\366\137\000\123\321}{}% 44
\BOOKMARK [1][-]{section.4.1}{\376\377\0004\000.\0001\000\040\135\114\121\145\137\017\143\247\122\066\150\070\137\303\116\016\174\373\176\337\226\306\142\020}{chapter.4}% 45
\BOOKMARK [1][-]{section.4.2}{\376\377\0004\000.\0002\000\040\143\250\217\333\126\150\232\161\122\250\116\016\136\225\134\102\220\032\117\341\123\117\213\256}{chapter.4}% 46
\BOOKMARK [2][-]{subsection.4.2.1}{\376\377\0004\000.\0002\000.\0001\000\040\000D\000S\000H\000O\000T\220\032\117\341\123\117\213\256\133\236\163\260}{section.4.2}% 47
\BOOKMARK [2][-]{subsection.4.2.2}{\376\377\0004\000.\0002\000.\0002\000\040\217\154\220\037\126\336\117\040\116\016\143\250\122\233\146\362\176\277\142\337\124\010}{section.4.2}% 48
\BOOKMARK [2][-]{subsection.4.2.3}{\376\377\0004\000.\0002\000.\0003\000\040\217\157\116\366\137\000\123\321\116\016\124\016\176\355\145\071\217\333}{section.4.2}% 49
\BOOKMARK [1][-]{section.4.3}{\376\377\0004\000.\0003\000\040\146\172\200\375\165\065\156\220\166\321\143\247\116\016\117\335\142\244\174\373\176\337\213\276\213\241}{chapter.4}% 50
\BOOKMARK [2][-]{subsection.4.3.1}{\376\377\0004\000.\0003\000.\0001\000\040\127\372\116\216\000L\000M\0005\0000\0006\0009\166\204\217\307\123\213\000/\153\040\123\213\117\335\142\244\147\072\122\066}{section.4.3}% 51
\BOOKMARK [2][-]{subsection.4.3.2}{\376\377\0004\000.\0003\000.\0002\000\040\155\223\155\101\177\023\124\057\122\250\116\016\155\152\155\214\165\065\155\101\142\221\122\066\133\236\163\260}{section.4.3}% 52
\BOOKMARK [1][-]{section.4.4}{\376\377\0004\000.\0004\000\040\147\054\172\340\134\017\176\323}{chapter.4}% 53
\BOOKMARK [0][]{chapter.5}{\376\377\173\054\000\040\0005\000\040\172\340\000\040\143\247\122\066\174\373\176\337\116\377\167\037\232\214\213\301\116\016\122\006\147\220}{}% 54
\BOOKMARK [1][-]{section.5.1}{\376\377\0005\000.\0001\000\040\127\372\116\216\000M\000A\000T\000L\000A\000B\000/\000S\000i\000m\000u\000l\000i\000n\000k\166\204\116\377\167\037\163\257\130\203\144\055\136\372}{chapter.5}% 55
\BOOKMARK [1][-]{section.5.2}{\376\377\0005\000.\0002\000\040\143\250\217\333\126\150\152\041\127\213\116\016\117\040\141\037\126\150\126\152\130\360\152\041\142\337}{chapter.5}% 56
\BOOKMARK [1][-]{section.5.3}{\376\377\0005\000.\0003\000\040\131\015\147\102\135\345\121\265\116\013\166\204\173\227\154\325\234\201\150\322\140\047\122\006\147\220}{chapter.5}% 57
\BOOKMARK [2][-]{subsection.5.3.1}{\376\377\0005\000.\0003\000.\0001\000\040\140\122\133\232\155\101\142\160\122\250\116\013\166\204\133\232\117\115\174\276\136\246\155\113\213\325}{section.5.3}% 58
\BOOKMARK [2][-]{subsection.5.3.2}{\376\377\0005\000.\0003\000.\0002\000\040\201\020\136\046\177\006\137\040\122\233\136\162\142\160\116\013\166\204\172\063\133\232\140\047\213\304\117\060}{section.5.3}% 59
\BOOKMARK [1][-]{section.5.4}{\376\377\0005\000.\0004\000\040\147\054\172\340\134\017\176\323}{chapter.5}% 60
\BOOKMARK [0][]{chapter.6}{\376\377\173\054\000\040\0006\000\040\172\340\000\040\140\073\176\323\116\016\134\125\147\033}{}% 61
\BOOKMARK [1][-]{section.6.1}{\376\377\0006\000.\0001\000\040\121\150\145\207\140\073\176\323}{chapter.6}% 62
\BOOKMARK [1][-]{section.6.2}{\376\377\0006\000.\0002\000\040\170\024\172\166\135\345\117\134\134\125\147\033}{chapter.6}% 63
\BOOKMARK [0][]{chapter*.12}{\376\377\123\302\200\003\145\207\163\056}{}% 64
\BOOKMARK [0][]{section*.13}{\376\377\201\364\214\042}{}% 65
\BOOKMARK [0][]{section*.15}{\376\377\133\146\147\057\213\272\145\207\124\214\171\321\170\024\142\020\147\234\166\356\137\125}{}% 66
\BOOKMARK [0][]{sjtubookmark.6.0}{\376\377\131\047\144\130\211\201}{}% 67
